\BOOKMARK [1][-]{section*.1}{\376\377\000A\000b\000s\000t\000r\000a\000c\000t}{}% 1
\BOOKMARK [1][-]{section.1}{\376\377\0001\000\040\000I\000n\000t\000r\000o\000d\000u\000c\000t\000i\000o\000n}{}% 2
\BOOKMARK [2][-]{subsection.1.1}{\376\377\0001\000.\0001\000\040\000R\000e\000s\000o\000u\000r\000c\000e\000-\000B\000a\000s\000e\000d\000\040\000D\000e\000f\000e\000n\000s\000e\000s\000\040\000a\000n\000d\000\040\000T\000h\000e\000i\000r\000\040\000S\000h\000a\000r\000e\000d\000\040\000B\000l\000i\000n\000d\000\040\000S\000p\000o\000t}{section.1}% 3
\BOOKMARK [2][-]{subsection.1.2}{\376\377\0001\000.\0002\000\040\000W\000h\000y\000\040\000C\000o\000n\000c\000e\000n\000t\000r\000a\000t\000i\000o\000n\000\040\000E\000m\000e\000r\000g\000e\000s\000\040\000a\000s\000\040\000a\000\040\000S\000t\000r\000u\000c\000t\000u\000r\000a\000l\000\040\000C\000o\000n\000s\000e\000q\000u\000e\000n\000c\000e}{section.1}% 4
\BOOKMARK [2][-]{subsection.1.3}{\376\377\0001\000.\0003\000\040\000T\000h\000e\000\040\000M\000i\000s\000s\000i\000n\000g\000\040\000Q\000u\000e\000s\000t\000i\000o\000n}{section.1}% 5
\BOOKMARK [2][-]{subsection.1.4}{\376\377\0001\000.\0004\000\040\000T\000h\000i\000s\000\040\000P\000a\000p\000e\000r}{section.1}% 6
\BOOKMARK [2][-]{subsection.1.5}{\376\377\0001\000.\0005\000\040\000C\000o\000n\000t\000r\000i\000b\000u\000t\000i\000o\000n\000s}{section.1}% 7
\BOOKMARK [2][-]{subsection.1.6}{\376\377\0001\000.\0006\000\040\000P\000a\000p\000e\000r\000\040\000O\000r\000g\000a\000n\000i\000z\000a\000t\000i\000o\000n}{section.1}% 8
\BOOKMARK [1][-]{section.2}{\376\377\0002\000\040\000R\000e\000l\000a\000t\000e\000d\000\040\000W\000o\000r\000k}{}% 9
\BOOKMARK [2][-]{subsection.2.1}{\376\377\0002\000.\0001\000\040\000R\000e\000s\000o\000u\000r\000c\000e\000-\000B\000a\000s\000e\000d\000\040\000S\000y\000b\000i\000l\000\040\000D\000e\000f\000e\000n\000s\000e\000s}{section.2}% 10
\BOOKMARK [2][-]{subsection.2.2}{\376\377\0002\000.\0002\000\040\000E\000m\000p\000i\000r\000i\000c\000a\000l\000\040\000a\000n\000d\000\040\000S\000y\000s\000t\000e\000m\000s\000-\000L\000e\000v\000e\000l\000\040\000A\000n\000a\000l\000y\000s\000e\000s}{section.2}% 11
\BOOKMARK [2][-]{subsection.2.3}{\376\377\0002\000.\0003\000\040\000E\000c\000o\000n\000o\000m\000i\000c\000\040\000A\000n\000a\000l\000y\000s\000e\000s\000\040\000o\000f\000\040\000C\000o\000n\000s\000e\000n\000s\000u\000s}{section.2}% 12
\BOOKMARK [2][-]{subsection.2.4}{\376\377\0002\000.\0004\000\040\000G\000r\000a\000p\000h\000-\000B\000a\000s\000e\000d\000\040\000a\000n\000d\000\040\000S\000o\000c\000i\000a\000l\000-\000S\000t\000r\000u\000c\000t\000u\000r\000e\000\040\000D\000e\000f\000e\000n\000s\000e\000s}{section.2}% 13
\BOOKMARK [2][-]{subsection.2.5}{\376\377\0002\000.\0005\000\040\000I\000d\000e\000n\000t\000i\000t\000y\000-\000B\000i\000n\000d\000i\000n\000g\000\040\000M\000e\000c\000h\000a\000n\000i\000s\000m\000s}{section.2}% 14
\BOOKMARK [2][-]{subsection.2.6}{\376\377\0002\000.\0006\000\040\000C\000a\000p\000a\000b\000i\000l\000i\000t\000y\000\040\000a\000n\000d\000\040\000R\000a\000t\000e\000-\000L\000i\000m\000i\000t\000i\000n\000g\000\040\000A\000r\000c\000h\000i\000t\000e\000c\000t\000u\000r\000e\000s}{section.2}% 15
\BOOKMARK [2][-]{subsection.2.7}{\376\377\0002\000.\0007\000\040\000P\000o\000s\000i\000t\000i\000o\000n\000i\000n\000g}{section.2}% 16
\BOOKMARK [1][-]{section.3}{\376\377\0003\000\040\000S\000y\000s\000t\000e\000m\000\040\000M\000o\000d\000e\000l}{}% 17
\BOOKMARK [2][-]{subsection.3.1}{\376\377\0003\000.\0001\000\040\000I\000d\000e\000n\000t\000i\000t\000i\000e\000s\000\040\000a\000n\000d\000\040\000P\000a\000r\000t\000i\000c\000i\000p\000a\000t\000i\000o\000n}{section.3}% 18
\BOOKMARK [2][-]{subsection.3.2}{\376\377\0003\000.\0002\000\040\000T\000i\000m\000e\000\040\000M\000o\000d\000e\000l}{section.3}% 19
\BOOKMARK [2][-]{subsection.3.3}{\376\377\0003\000.\0003\000\040\000R\000e\000s\000o\000u\000r\000c\000e\000\040\000a\000n\000d\000\040\000I\000n\000f\000l\000u\000e\000n\000c\000e}{section.3}% 20
\BOOKMARK [2][-]{subsection.3.4}{\376\377\0003\000.\0004\000\040\000A\000d\000v\000e\000r\000s\000a\000r\000i\000a\000l\000\040\000M\000o\000d\000e\000l}{section.3}% 21
\BOOKMARK [2][-]{subsection.3.5}{\376\377\0003\000.\0005\000\040\000A\000d\000v\000e\000r\000s\000a\000r\000i\000a\000l\000\040\000C\000o\000s\000t}{section.3}% 22
\BOOKMARK [2][-]{subsection.3.6}{\376\377\0003\000.\0006\000\040\000S\000c\000a\000l\000i\000n\000g\000\040\000R\000e\000g\000i\000m\000e\000s}{section.3}% 23
\BOOKMARK [1][-]{section.4}{\376\377\0004\000\040\000R\000e\000s\000o\000u\000r\000c\000e\000\040\000F\000r\000a\000m\000e\000w\000o\000r\000k}{}% 24
\BOOKMARK [2][-]{subsection.4.1}{\376\377\0004\000.\0001\000\040\000S\000t\000r\000u\000c\000t\000u\000r\000a\000l\000\040\000P\000r\000o\000p\000e\000r\000t\000i\000e\000s}{section.4}% 25
\BOOKMARK [2][-]{subsection.4.2}{\376\377\0004\000.\0002\000\040\000R\000e\000s\000o\000u\000r\000c\000e\000\040\000C\000l\000a\000s\000s\000e\000s}{section.4}% 26
\BOOKMARK [2][-]{subsection.4.3}{\376\377\0004\000.\0003\000\040\000R\000e\000s\000o\000u\000r\000c\000e\000\040\000T\000a\000x\000o\000n\000o\000m\000y}{section.4}% 27
\BOOKMARK [1][-]{section.5}{\376\377\0005\000\040\000S\000u\000b\000l\000i\000n\000e\000a\000r\000\040\000C\000o\000s\000t\000\040\000U\000n\000d\000e\000r\000\040\000P\000a\000r\000a\000l\000l\000e\000l\000i\000z\000a\000b\000l\000e\000\040\000R\000e\000s\000o\000u\000r\000c\000e\000s}{}% 28
\BOOKMARK [1][-]{section.6}{\376\377\0006\000\040\000L\000i\000n\000e\000a\000r\000\040\000L\000o\000w\000e\000r\000\040\000B\000o\000u\000n\000d\000\040\000U\000n\000d\000e\000r\000\040\000T\000h\000r\000o\000u\000g\000h\000p\000u\000t\000-\000B\000o\000u\000n\000d\000e\000d\000\040\000R\000e\000s\000o\000u\000r\000c\000e\000s}{}% 29
\BOOKMARK [1][-]{section.7}{\376\377\0007\000\040\000S\000t\000r\000u\000c\000t\000u\000r\000a\000l\000\040\000S\000e\000p\000a\000r\000a\000t\000i\000o\000n\000\040\000a\000n\000d\000\040\000D\000e\000s\000i\000g\000n\000\040\000C\000o\000n\000s\000e\000q\000u\000e\000n\000c\000e\000s}{}% 30
\BOOKMARK [2][-]{subsection.7.1}{\376\377\0007\000.\0001\000\040\000S\000t\000r\000u\000c\000t\000u\000r\000a\000l\000\040\000S\000e\000p\000a\000r\000a\000t\000i\000o\000n}{section.7}% 31
\BOOKMARK [2][-]{subsection.7.2}{\376\377\0007\000.\0002\000\040\000R\000e\000s\000o\000u\000r\000c\000e\000\040\000S\000u\000b\000s\000t\000i\000t\000u\000t\000i\000o\000n\000\040\000T\000h\000e\000o\000r\000e\000m}{section.7}% 32
\BOOKMARK [1][-]{section.8}{\376\377\0008\000\040\000I\000n\000s\000t\000a\000n\000t\000i\000a\000t\000i\000o\000n\000s\000\040\000a\000n\000d\000\040\000C\000l\000a\000s\000s\000i\000f\000i\000c\000a\000t\000i\000o\000n}{}% 33
\BOOKMARK [2][-]{subsection.8.1}{\376\377\0008\000.\0001\000\040\000P\000e\000r\000-\000A\000c\000t\000o\000r\000\040\000T\000h\000r\000o\000u\000g\000h\000p\000u\000t\000\040\000C\000h\000a\000n\000n\000e\000l\000s}{section.8}% 34
\BOOKMARK [2][-]{subsection.8.2}{\376\377\0008\000.\0002\000\040\000C\000l\000a\000s\000s\000i\000f\000i\000c\000a\000t\000i\000o\000n\000\040\000o\000f\000\040\000D\000e\000p\000l\000o\000y\000e\000d\000\040\000R\000e\000s\000o\000u\000r\000c\000e\000s}{section.8}% 35
\BOOKMARK [1][-]{section.9}{\376\377\0009\000\040\000I\000L\000L\000U\000S\000T\000R\000A\000T\000I\000N\000G\000\040\000T\000H\000E\000\040\000S\000T\000R\000U\000C\000T\000U\000R\000A\000L\000\040\000S\000E\000P\000A\000R\000A\000T\000I\000O\000N}{}% 36
\BOOKMARK [2][-]{subsection.9.1}{\376\377\0009\000.\0001\000\040\000C\000o\000s\000t\000\040\000S\000c\000a\000l\000i\000n\000g\000\040\000a\000n\000d\000\040\000J\000o\000i\000n\000t\000-\000A\000s\000y\000m\000p\000t\000o\000t\000i\000c\000\040\000C\000o\000n\000v\000e\000r\000g\000e\000n\000c\000e}{section.9}% 37
\BOOKMARK [2][-]{subsection.9.2}{\376\377\0009\000.\0002\000\040\000N\000o\000n\000-\000A\000m\000p\000l\000i\000f\000i\000c\000a\000t\000i\000o\000n\000\040\000U\000n\000d\000e\000r\000\040\000I\000d\000e\000n\000t\000i\000t\000y\000\040\000R\000e\000p\000l\000i\000c\000a\000t\000i\000o\000n}{section.9}% 38
\BOOKMARK [1][-]{section.10}{\376\377\0001\0000\000\040\000L\000i\000m\000i\000t\000a\000t\000i\000o\000n\000s\000\040\000a\000n\000d\000\040\000O\000p\000e\000n\000\040\000P\000r\000o\000b\000l\000e\000m\000s}{}% 39
\BOOKMARK [2][-]{subsection.10.1}{\376\377\0001\0000\000.\0001\000\040\000E\000n\000f\000o\000r\000c\000e\000m\000e\000n\000t\000\040\000o\000f\000\040\000T\000h\000r\000o\000u\000g\000h\000p\000u\000t\000\040\000C\000o\000n\000s\000t\000r\000a\000i\000n\000t\000s}{section.10}% 40
\BOOKMARK [2][-]{subsection.10.2}{\376\377\0001\0000\000.\0002\000\040\000N\000o\000n\000-\000A\000d\000d\000i\000t\000i\000v\000e\000\040\000H\000y\000b\000r\000i\000d\000\040\000C\000o\000m\000p\000o\000s\000i\000t\000i\000o\000n\000s}{section.10}% 41
\BOOKMARK [2][-]{subsection.10.3}{\376\377\0001\0000\000.\0003\000\040\000E\000c\000o\000n\000o\000m\000i\000c\000\040\000C\000o\000o\000r\000d\000i\000n\000a\000t\000i\000o\000n\000\040\000a\000n\000d\000\040\000I\000d\000e\000n\000t\000i\000t\000y\000\040\000M\000a\000r\000k\000e\000t\000s}{section.10}% 42
\BOOKMARK [2][-]{subsection.10.4}{\376\377\0001\0000\000.\0004\000\040\000S\000c\000o\000p\000e\000\040\000o\000f\000\040\000A\000s\000s\000u\000m\000p\000t\000i\000o\000n\000\040\0003\000.\0004}{section.10}% 43
\BOOKMARK [2][-]{subsection.10.5}{\376\377\0001\0000\000.\0005\000\040\000W\000i\000n\000d\000o\000w\000\040\000G\000r\000a\000n\000u\000l\000a\000r\000i\000t\000y\000\040\000a\000n\000d\000\040\000T\000e\000m\000p\000o\000r\000a\000l\000\040\000M\000o\000d\000e\000l\000i\000n\000g}{section.10}% 44
\BOOKMARK [2][-]{subsection.10.6}{\376\377\0001\0000\000.\0006\000\040\000S\000c\000o\000p\000e\000\040\000o\000f\000\040\000t\000h\000e\000\040\000F\000r\000a\000m\000e\000w\000o\000r\000k}{section.10}% 45
\BOOKMARK [1][-]{section.11}{\376\377\0001\0001\000\040\000C\000o\000n\000c\000l\000u\000s\000i\000o\000n}{}% 46
\BOOKMARK [1][-]{section*.8}{\376\377\000R\000e\000f\000e\000r\000e\000n\000c\000e\000s}{}% 47
